
> frontend@0.0.0 dev
> vite --port 5001 --host 0.0.0.0


  VITE v7.3.1  ready in 88 ms

  ➜  Local:   http://localhost:5001/
  ➜  Network: http://192.168.1.54:5001/
  ➜  Network: http://100.116.196.90:5001/
8:37:25 PM [vite] (client) hmr update /src/components/TaskModal.jsx, /src/index.css
8:43:55 PM [vite] (client) hmr update /src/App.css, /src/index.css
8:43:58 PM [vite] (client) hmr update /src/App.css, /src/index.css
8:46:28 PM [vite] (client) hmr update /src/components/AddAgentWizard.jsx, /src/index.css
8:46:36 PM [vite] (client) hmr update /src/App.css, /src/index.css
8:50:24 PM [vite] (client) hmr update /src/App.jsx, /src/components/AgentManagement.jsx, /src/components/AgentSidebar.jsx, /src/components/Header.jsx, /src/components/ChatWidget.jsx, /src/components/LiveFeed.jsx, /src/components/RecurringTasksPanel.jsx, /src/components/AnnouncementModal.jsx, /src/components/NewTaskModal.jsx, /src/components/KanbanBoard.jsx, /src/components/TaskModal.jsx, /src/components/AgentEditModal.jsx, /src/components/AddAgentWizard.jsx, /src/components/TaskCard.jsx, /src/index.css
8:51:08 PM [vite] (client) hmr update /src/components/AgentSidebar.jsx, /src/index.css
8:53:09 PM [vite] (client) hmr update /src/components/AgentManagement.jsx, /src/index.css
8:53:49 PM [vite] (client) hmr update /src/components/AgentSidebar.jsx, /src/index.css
8:54:35 PM [vite] (client) hmr update /src/components/AgentManagement.jsx, /src/index.css
8:52:20 AM [vite] (client) hmr update /src/App.jsx, /src/components/AgentManagement.jsx, /src/components/AgentSidebar.jsx, /src/components/Header.jsx, /src/components/ChatWidget.jsx, /src/components/LiveFeed.jsx, /src/components/RecurringTasksPanel.jsx, /src/components/AnnouncementModal.jsx, /src/components/NewTaskModal.jsx, /src/components/KanbanBoard.jsx, /src/components/TaskModal.jsx, /src/components/AgentEditModal.jsx, /src/components/AddAgentWizard.jsx, /src/components/TaskCard.jsx, /src/index.css
8:52:25 AM [vite] (client) hmr update /src/components/TaskModal.jsx, /src/index.css
8:52:30 AM [vite] (client) hmr update /src/components/TaskModal.jsx, /src/index.css
8:52:35 AM [vite] (client) hmr update /src/components/TaskModal.jsx, /src/index.css
8:52:42 AM [vite] (client) hmr update /src/components/TaskModal.jsx, /src/index.css
8:53:03 AM [vite] (client) hmr update /src/components/TaskModal.jsx, /src/index.css
8:53:25 AM [vite] (client) hmr update /src/index.css
9:17:47 AM [vite] (client) hmr update /src/App.jsx, /src/components/AgentManagement.jsx, /src/components/AgentSidebar.jsx, /src/components/Header.jsx, /src/components/ChatWidget.jsx, /src/components/LiveFeed.jsx, /src/components/RecurringTasksPanel.jsx, /src/components/AnnouncementModal.jsx, /src/components/NewTaskModal.jsx, /src/components/KanbanBoard.jsx, /src/components/TaskModal.jsx, /src/components/AgentEditModal.jsx, /src/components/AddAgentWizard.jsx, /src/components/TaskCard.jsx, /src/index.css
9:24:38 AM [vite] (client) hmr update /src/components/TaskCard.jsx, /src/index.css
